#
# There is insufficient memory for the Java Runtime Environment to continue.
# Native memory allocation (mmap) failed to map 123731968 bytes for G1 virtual space
# Possible reasons:
#   The system is out of physical RAM or swap space
#   The process is running with CompressedOops enabled, and the Java Heap may be blocking the growth of the native heap
# Possible solutions:
#   Reduce memory load on the system
#   Increase physical memory or swap space
#   Check if swap backing store is full
#   Decrease Java heap size (-Xmx/-Xms)
#   Decrease number of Java threads
#   Decrease Java thread stack sizes (-Xss)
#   Set larger code cache with -XX:ReservedCodeCacheSize=
#   JVM is running with Unscaled Compressed Oops mode in which the Java heap is
#     placed in the first 4GB address space. The Java Heap base address is the
#     maximum limit for the native heap growth. Please use -XX:HeapBaseMinAddress
#     to set the Java Heap base and to place the Java Heap above 4GB virtual address.
# This output file may be truncated or incomplete.
#
#  Out of Memory Error (os_windows.cpp:3600), pid=13560, tid=3972
#
# JRE version:  (21.0.1+12) (build )
# Java VM: Java HotSpot(TM) 64-Bit Server VM (21.0.1+12-LTS-29, mixed mode, sharing, tiered, compressed oops, compressed class ptrs, g1 gc, windows-amd64)
# No core dump will be written. Minidumps are not enabled by default on client versions of Windows
#

---------------  S U M M A R Y ------------

Command Line: -Dfile.encoding=UTF-8 --module-path=C:\Users\didie\Documents\Universidad\Netbeans\SCBD\build\classes venta.Camion

Host: AMD Ryzen 7 5700U with Radeon Graphics         , 16 cores, 7G,  Windows 11 , 64 bit Build 22621 (10.0.22621.2506)
Time: Fri Jan 19 01:17:44 2024 Hora de verano de Paraguay elapsed time: 0.020704 seconds (0d 0h 0m 0s)

---------------  T H R E A D  ---------------

Current thread (0x0000016464b3f6e0):  JavaThread "Unknown thread" [_thread_in_vm, id=3972, stack(0x0000000100600000,0x0000000100700000) (1024K)]

Stack: [0x0000000100600000,0x0000000100700000]
Native frames: (J=compiled Java code, j=interpreted, Vv=VM code, C=native code)
V  [jvm.dll+0x6c9029]
V  [jvm.dll+0x854b81]
V  [jvm.dll+0x856e5e]
V  [jvm.dll+0x857543]
V  [jvm.dll+0x280c06]
V  [jvm.dll+0x6c5715]
V  [jvm.dll+0x6ba10a]
V  [jvm.dll+0x3557ea]
V  [jvm.dll+0x35d436]
V  [jvm.dll+0x3ae1be]
V  [jvm.dll+0x3ae468]
V  [jvm.dll+0x3291fc]
V  [jvm.dll+0x329d8b]
V  [jvm.dll+0x81d179]
V  [jvm.dll+0x3bb4f1]
V  [jvm.dll+0x805ae8]
V  [jvm.dll+0x44effe]
V  [jvm.dll+0x450901]
C  [jli.dll+0x52a3]
C  [ucrtbase.dll+0x29363]
C  [KERNEL32.DLL+0x1257d]
C  [ntdll.dll+0x5aa58]


---------------  P R O C E S S  ---------------

Threads class SMR info:
_java_thread_list=0x00007ff9cfc99b88, length=0, elements={
}

Java Threads: ( => current thread )
Total: 0

Other Threads:
  0x0000016464b8ba00 WorkerThread "GC Thread#0"                     [id=2476, stack(0x0000000100700000,0x0000000100800000) (1024K)]
  0x0000016464b9b460 ConcurrentGCThread "G1 Main Marker"            [id=14072, stack(0x0000000100800000,0x0000000100900000) (1024K)]
  0x0000016464b9cb70 WorkerThread "G1 Conc#0"                       [id=8716, stack(0x0000000100900000,0x0000000100a00000) (1024K)]

[error occurred during error reporting (printing all threads), id 0xc0000005, EXCEPTION_ACCESS_VIOLATION (0xc0000005) at pc=0x00007ff9cf40c2c7]
VM state: not at safepoint (not fully initialized)

VM Mutex/Monitor currently owned by a thread:  ([mutex/lock_event])
[0x00007ff9cfd0a6f8] Heap_lock - owner thread: 0x0000016464b3f6e0

Heap address: 0x000000008ac00000, size: 1876 MB, Compressed Oops mode: 32-bit

CDS archive(s) mapped at: [0x0000000000000000-0x0000000000000000-0x0000000000000000), size 0, SharedBaseAddress: 0x0000000800000000, ArchiveRelocationMode: 1.
Narrow klass base: 0x0000000000000000, Narrow klass shift: 0, Narrow klass range: 0x0

GC Precious Log:
 CardTable entry size: 512
 Card Set container configuration: InlinePtr #cards 5 size 8 Array Of Cards #cards 12 size 40 Howl #buckets 4 coarsen threshold 1843 Howl Bitmap #cards 512 size 80 coarsen threshold 460 Card regions per heap region 1 cards per card region 2048

Heap:
 garbage-first heap   total 0K, used 0K [0x000000008ac00000, 0x0000000100000000)
  region size 1024K, 0 young (0K), 0 survivors (0K)

[error occurred during error reporting (printing heap information), id 0xc0000005, EXCEPTION_ACCESS_VIOLATION (0xc0000005) at pc=0x00007ff9cf7f1be9]
GC Heap History (0 events):
No events

Dll operation events (1 events):
Event: 0.012 Loaded shared library C:\Program Files\Java\jdk-21\bin\java.dll

Deoptimization events (0 events):
No events

Classes loaded (0 events):
No events

Classes unloaded (0 events):
No events

Classes redefined (0 events):
No events

Internal exceptions (0 events):
No events

ZGC Phase Switch (0 events):
No events

VM Operations (0 events):
No events

Events (0 events):
No events


Dynamic libraries:
0x00007ff7f8040000 - 0x00007ff7f8050000 	C:\Program Files\Java\jdk-21\bin\java.exe
0x00007ffa2e390000 - 0x00007ffa2e5a7000 	C:\WINDOWS\SYSTEM32\ntdll.dll
0x00007ffa2cd30000 - 0x00007ffa2cdf4000 	C:\WINDOWS\System32\KERNEL32.DLL
0x00007ffa2b8e0000 - 0x00007ffa2bc86000 	C:\WINDOWS\System32\KERNELBASE.dll
0x00007ffa2bfc0000 - 0x00007ffa2c0d1000 	C:\WINDOWS\System32\ucrtbase.dll
0x00007ffa14530000 - 0x00007ffa14549000 	C:\Program Files\Java\jdk-21\bin\jli.dll
0x00007ffa23ac0000 - 0x00007ffa23adb000 	C:\Program Files\Java\jdk-21\bin\VCRUNTIME140.dll
0x00007ffa2e290000 - 0x00007ffa2e343000 	C:\WINDOWS\System32\ADVAPI32.dll
0x00007ffa2ce00000 - 0x00007ffa2cea7000 	C:\WINDOWS\System32\msvcrt.dll
0x00007ffa2c1c0000 - 0x00007ffa2c268000 	C:\WINDOWS\System32\sechost.dll
0x00007ffa2b8b0000 - 0x00007ffa2b8d8000 	C:\WINDOWS\System32\bcrypt.dll
0x00007ffa2db60000 - 0x00007ffa2dc77000 	C:\WINDOWS\System32\RPCRT4.dll
0x00007ffa2e0e0000 - 0x00007ffa2e28e000 	C:\WINDOWS\System32\USER32.dll
0x00007ffa2bc90000 - 0x00007ffa2bcb6000 	C:\WINDOWS\System32\win32u.dll
0x00007ffa2c170000 - 0x00007ffa2c199000 	C:\WINDOWS\System32\GDI32.dll
0x00007ffa0b420000 - 0x00007ffa0b6b3000 	C:\WINDOWS\WinSxS\amd64_microsoft.windows.common-controls_6595b64144ccf1df_6.0.22621.2506_none_270c5ae97388e100\COMCTL32.dll
0x00007ffa2bd60000 - 0x00007ffa2be78000 	C:\WINDOWS\System32\gdi32full.dll
0x00007ffa2bcc0000 - 0x00007ffa2bd5a000 	C:\WINDOWS\System32\msvcp_win.dll
0x00007ffa23900000 - 0x00007ffa2390a000 	C:\WINDOWS\SYSTEM32\VERSION.dll
0x00007ffa2ccd0000 - 0x00007ffa2cd01000 	C:\WINDOWS\System32\IMM32.DLL
0x00007ffa26f40000 - 0x00007ffa26f4c000 	C:\Program Files\Java\jdk-21\bin\vcruntime140_1.dll
0x00007ffa0dd30000 - 0x00007ffa0ddbe000 	C:\Program Files\Java\jdk-21\bin\msvcp140.dll
0x00007ff9cf0d0000 - 0x00007ff9cfde5000 	C:\Program Files\Java\jdk-21\bin\server\jvm.dll
0x00007ffa2c0f0000 - 0x00007ffa2c161000 	C:\WINDOWS\System32\WS2_32.dll
0x00007ffa2af20000 - 0x00007ffa2af6d000 	C:\WINDOWS\SYSTEM32\POWRPROF.dll
0x00007ffa238c0000 - 0x00007ffa238f4000 	C:\WINDOWS\SYSTEM32\WINMM.dll
0x00007ffa2af00000 - 0x00007ffa2af13000 	C:\WINDOWS\SYSTEM32\UMPDC.dll
0x00007ffa2a700000 - 0x00007ffa2a718000 	C:\WINDOWS\SYSTEM32\kernel.appcore.dll
0x00007ffa26f20000 - 0x00007ffa26f2a000 	C:\Program Files\Java\jdk-21\bin\jimage.dll
0x00007ffa19460000 - 0x00007ffa19693000 	C:\WINDOWS\SYSTEM32\DBGHELP.DLL
0x00007ffa2d7d0000 - 0x00007ffa2db59000 	C:\WINDOWS\System32\combase.dll
0x00007ffa2d640000 - 0x00007ffa2d717000 	C:\WINDOWS\System32\OLEAUT32.dll
0x00007ffa104a0000 - 0x00007ffa104d2000 	C:\WINDOWS\SYSTEM32\dbgcore.DLL
0x00007ffa2bf40000 - 0x00007ffa2bfba000 	C:\WINDOWS\System32\bcryptPrimitives.dll
0x00007ffa16f10000 - 0x00007ffa16f2f000 	C:\Program Files\Java\jdk-21\bin\java.dll

dbghelp: loaded successfully - version: 4.0.5 - missing functions: none
symbol engine: initialized successfully - sym options: 0x614 - pdb path: .;C:\Program Files\Java\jdk-21\bin;C:\WINDOWS\SYSTEM32;C:\WINDOWS\WinSxS\amd64_microsoft.windows.common-controls_6595b64144ccf1df_6.0.22621.2506_none_270c5ae97388e100;C:\Program Files\Java\jdk-21\bin\server

VM Arguments:
jvm_args: -Dfile.encoding=UTF-8 --module-path=C:\Users\didie\Documents\Universidad\Netbeans\SCBD\build\classes 
java_command: venta.Camion
java_class_path (initial): C:\Program Files\NetBeans-20\netbeans\ide\modules\ext\postgresql-42.5.4.jar;C:\Users\didie\Downloads\sqlite-jdbc-3.44.1.0.jar;C:\Program Files\NetBeans-20\netbeans\java\modules\ext\AbsoluteLayout.jar;C:\Users\didie\Downloads\sqlite-jdbc-3.44.1.0 (1).jar;C:\Users\didie\Downloads\slf4j-simple-2.0.11.jar;C:\Users\didie\Downloads\slf4j-api-2.0.11.jar;C:\Users\didie\Documents\Universidad\Netbeans\SCBD\build\classes
Launcher Type: SUN_STANDARD

[Global flags]
     intx CICompilerCount                          = 12                                        {product} {ergonomic}
     uint ConcGCThreads                            = 3                                         {product} {ergonomic}
     uint G1ConcRefinementThreads                  = 13                                        {product} {ergonomic}
   size_t G1HeapRegionSize                         = 1048576                                   {product} {ergonomic}
    uintx GCDrainStackTargetSize                   = 64                                        {product} {ergonomic}
   size_t InitialHeapSize                          = 123731968                                 {product} {ergonomic}
   size_t MarkStackSize                            = 4194304                                   {product} {ergonomic}
   size_t MaxHeapSize                              = 1967128576                                {product} {ergonomic}
   size_t MinHeapDeltaBytes                        = 1048576                                   {product} {ergonomic}
   size_t MinHeapSize                              = 8388608                                   {product} {ergonomic}
    uintx NonNMethodCodeHeapSize                   = 7602480                                {pd product} {ergonomic}
    uintx NonProfiledCodeHeapSize                  = 122027880                              {pd product} {ergonomic}
    uintx ProfiledCodeHeapSize                     = 122027880                              {pd product} {ergonomic}
    uintx ReservedCodeCacheSize                    = 251658240                              {pd product} {ergonomic}
     bool SegmentedCodeCache                       = true                                      {product} {ergonomic}
   size_t SoftMaxHeapSize                          = 1967128576                             {manageable} {ergonomic}
     bool UseCompressedOops                        = true                           {product lp64_product} {ergonomic}
     bool UseG1GC                                  = true                                      {product} {ergonomic}
     bool UseLargePagesIndividualAllocation        = false                                  {pd product} {ergonomic}

Logging:
Log output configuration:
 #0: stdout all=warning uptime,level,tags foldmultilines=false
 #1: stderr all=off uptime,level,tags foldmultilines=false

Environment Variables:
PATH=C:\Program Files\Common Files\Oracle\Java\javapath;C:\Program Files (x86)\NVIDIA Corporation\PhysX\Common;C:\WINDOWS\system32;C:\WINDOWS;C:\WINDOWS\System32\Wbem;C:\WINDOWS\System32\WindowsPowerShell\v1.0\;C:\WINDOWS\System32\OpenSSH\;C:\Program Files\Git\cmd;C:\Users\didie\AppData\Local\Microsoft\WindowsApps;;C:\Users\didie\AppData\Local\Programs\Microsoft VS Code\bin
USERNAME=mia
OS=Windows_NT
PROCESSOR_IDENTIFIER=AMD64 Family 23 Model 104 Stepping 1, AuthenticAMD
TMP=C:\Users\didie\AppData\Local\Temp
TEMP=C:\Users\didie\AppData\Local\Temp




Periodic native trim disabled

---------------  S Y S T E M  ---------------

OS:
 Windows 11 , 64 bit Build 22621 (10.0.22621.2506)
OS uptime: 1 days 11:56 hours
Hyper-V role detected

CPU: total 16 (initial active 16) (16 cores per cpu, 2 threads per core) family 23 model 104 stepping 1 microcode 0x0, cx8, cmov, fxsr, ht, mmx, 3dnowpref, sse, sse2, sse3, ssse3, sse4a, sse4.1, sse4.2, popcnt, lzcnt, tsc, tscinvbit, avx, avx2, aes, clmul, bmi1, bmi2, adx, sha, fma, vzeroupper, clflush, clflushopt, hv, rdtscp, rdpid, f16c
Processor Information for all 16 processors :
  Max Mhz: 1801, Current Mhz: 1801, Mhz Limit: 1801

Memory: 4k page, system-wide physical 7501M (1334M free)
TotalPageFile size 11167M (AvailPageFile size 91M)
current process WorkingSet (physical memory assigned to process): 11M, peak: 11M
current process commit charge ("private bytes"): 70M, peak: 188M

vm_info: Java HotSpot(TM) 64-Bit Server VM (21.0.1+12-LTS-29) for windows-amd64 JRE (21.0.1+12-LTS-29), built on 2023-10-05T13:27:09Z by "mach5one" with MS VC++ 17.1 (VS2022)

END.
