#
# There is insufficient memory for the Java Runtime Environment to continue.
# Native memory allocation (mmap) failed to map 65536 bytes for Failed to commit metaspace.
# Possible reasons:
#   The system is out of physical RAM or swap space
#   The process is running with CompressedOops enabled, and the Java Heap may be blocking the growth of the native heap
# Possible solutions:
#   Reduce memory load on the system
#   Increase physical memory or swap space
#   Check if swap backing store is full
#   Decrease Java heap size (-Xmx/-Xms)
#   Decrease number of Java threads
#   Decrease Java thread stack sizes (-Xss)
#   Set larger code cache with -XX:ReservedCodeCacheSize=
#   JVM is running with Unscaled Compressed Oops mode in which the Java heap is
#     placed in the first 4GB address space. The Java Heap base address is the
#     maximum limit for the native heap growth. Please use -XX:HeapBaseMinAddress
#     to set the Java Heap base and to place the Java Heap above 4GB virtual address.
# This output file may be truncated or incomplete.
#
#  Out of Memory Error (virtualSpaceNode.cpp:112), pid=7804, tid=11276
#
# JRE version: Java(TM) SE Runtime Environment (21.0.1+12) (build 21.0.1+12-LTS-29)
# Java VM: Java HotSpot(TM) 64-Bit Server VM (21.0.1+12-LTS-29, mixed mode, sharing, tiered, compressed oops, compressed class ptrs, g1 gc, windows-amd64)
# No core dump will be written. Minidumps are not enabled by default on client versions of Windows
#

---------------  S U M M A R Y ------------

Command Line: -Dfile.encoding=UTF-8 --module-path=C:\Users\didie\Documents\Universidad\Netbeans\SCBD\build\classes venta.Viajes

Host: AMD Ryzen 7 5700U with Radeon Graphics         , 16 cores, 7G,  Windows 11 , 64 bit Build 22621 (10.0.22621.2506)
Time: Thu Jan 18 00:45:12 2024 Hora de verano de Paraguay elapsed time: 0.454632 seconds (0d 0h 0m 0s)

---------------  T H R E A D  ---------------

Current thread (0x00000247ee44d0f0):  JavaThread "AWT-EventQueue-0"        [_thread_in_vm, id=11276, stack(0x000000618cd00000,0x000000618ce00000) (1024K)]

Stack: [0x000000618cd00000,0x000000618ce00000]
Native frames: (J=compiled Java code, j=interpreted, Vv=VM code, C=native code)
V  [jvm.dll+0x6c9029]
V  [jvm.dll+0x854b81]
V  [jvm.dll+0x856e5e]
V  [jvm.dll+0x857543]
V  [jvm.dll+0x280c06]
V  [jvm.dll+0x8508ae]
V  [jvm.dll+0x66ca45]
V  [jvm.dll+0x66caaa]
V  [jvm.dll+0x66f2a6]
V  [jvm.dll+0x66f172]
V  [jvm.dll+0x66d41e]
V  [jvm.dll+0x26b2df]
V  [jvm.dll+0x677615]
V  [jvm.dll+0x217a53]
V  [jvm.dll+0x217f95]
V  [jvm.dll+0x2189b1]
V  [jvm.dll+0x20dc4e]
V  [jvm.dll+0x5ac6dc]
V  [jvm.dll+0x21f67a]
V  [jvm.dll+0x7ccde1]
V  [jvm.dll+0x7cde45]
V  [jvm.dll+0x7ce600]
V  [jvm.dll+0x218dac]
V  [jvm.dll+0x20dc67]
V  [jvm.dll+0x5ac6dc]
V  [jvm.dll+0x21f67a]
V  [jvm.dll+0x7ccde1]
V  [jvm.dll+0x7cde45]
V  [jvm.dll+0x7ce3ef]
V  [jvm.dll+0x7ce098]
V  [jvm.dll+0x26ebdb]
V  [jvm.dll+0x3d36fe]
C  0x00000247db1fa814

The last pc belongs to new (printed below).
Java frames: (J=compiled Java code, j=interpreted, Vv=VM code)
j  javax.swing.plaf.basic.BasicTextUI.createCaret()Ljavax/swing/text/Caret;+0 java.desktop@21.0.1
j  javax.swing.plaf.basic.BasicTextUI.installDefaults2()V+47 java.desktop@21.0.1
j  javax.swing.plaf.basic.BasicTextUI.installUI(Ljavax/swing/JComponent;)V+46 java.desktop@21.0.1
j  javax.swing.JComponent.setUI(Ljavax/swing/plaf/ComponentUI;)V+52 java.desktop@21.0.1
j  javax.swing.text.JTextComponent.setUI(Ljavax/swing/plaf/TextUI;)V+2 java.desktop@21.0.1
j  javax.swing.text.JTextComponent.updateUI()V+8 java.desktop@21.0.1
j  javax.swing.text.JTextComponent.<init>()V+62 java.desktop@21.0.1
j  javax.swing.JTextField.<init>(Ljavax/swing/text/Document;Ljava/lang/String;I)V+1 java.desktop@21.0.1
j  javax.swing.JTextField.<init>()V+4 java.desktop@21.0.1
j  venta.Viajes.initComponents()V+38
j  venta.Viajes.<init>()V+37
j  venta.Viajes$10.run()V+4
j  java.awt.event.InvocationEvent.dispatch()V+47 java.desktop@21.0.1
j  java.awt.EventQueue.dispatchEventImpl(Ljava/awt/AWTEvent;Ljava/lang/Object;)V+21 java.desktop@21.0.1
j  java.awt.EventQueue$4.run()Ljava/lang/Void;+32 java.desktop@21.0.1
j  java.awt.EventQueue$4.run()Ljava/lang/Object;+1 java.desktop@21.0.1
j  java.security.AccessController.executePrivileged(Ljava/security/PrivilegedAction;Ljava/security/AccessControlContext;Ljava/lang/Class;)Ljava/lang/Object;+29 java.base@21.0.1
j  java.security.AccessController.doPrivileged(Ljava/security/PrivilegedAction;Ljava/security/AccessControlContext;)Ljava/lang/Object;+13 java.base@21.0.1
j  java.security.ProtectionDomain$JavaSecurityAccessImpl.doIntersectionPrivilege(Ljava/security/PrivilegedAction;Ljava/security/AccessControlContext;Ljava/security/AccessControlContext;)Ljava/lang/Object;+18 java.base@21.0.1
j  java.awt.EventQueue.dispatchEvent(Ljava/awt/AWTEvent;)V+46 java.desktop@21.0.1
j  java.awt.EventDispatchThread.pumpOneEventForFilters(I)V+81 java.desktop@21.0.1
j  java.awt.EventDispatchThread.pumpEventsForFilter(ILjava/awt/Conditional;Ljava/awt/EventFilter;)V+35 java.desktop@21.0.1
j  java.awt.EventDispatchThread.pumpEventsForHierarchy(ILjava/awt/Conditional;Ljava/awt/Component;)V+11 java.desktop@21.0.1
j  java.awt.EventDispatchThread.pumpEvents(ILjava/awt/Conditional;)V+4 java.desktop@21.0.1
j  java.awt.EventDispatchThread.pumpEvents(Ljava/awt/Conditional;)V+3 java.desktop@21.0.1
j  java.awt.EventDispatchThread.run()V+9 java.desktop@21.0.1
v  ~StubRoutines::call_stub 0x00000247db1e100d
new  187 new  [0x00000247db1fa680, 0x00000247db1fa888]  520 bytes
[MachCode]
  0x00000247db1fa680: 4883 ec08 | c5fa 1104 | 24eb 1f48 | 83ec 10c5 | fb11 0424 | eb14 4883 | ec10 4889 | 0424 48c7 
  0x00000247db1fa6a0: 4424 0800 | 0000 00eb | 0150 410f | b755 010f | cac1 ea10 | 488b 4de8 | 488b 4908 | 488b 4908 
  0x00000247db1fa6c0: 488b 4108 | 807c 1004 | 070f 85d3 | 0000 0066 | 8b54 d148 | 488b 4928 | 488b 4cd1 | 0851 80b9 
  0x00000247db1fa6e0: 2001 0000 | 050f 85b6 | 0000 008b | 5108 f6c2 | 010f 85aa | 0000 0049 | 8b87 b801 | 0000 488d 
  0x00000247db1fa700: 1c10 493b | 9fc8 0100 | 000f 8792 | 0000 0049 | 899f b801 | 0000 4883 | ea10 0f84 | 0f00 0000 
  0x00000247db1fa720: 33c9 c1ea | 0348 894c | d008 48ff | ca75 f648 | c700 0100 | 0000 5933 | f689 700c | 49ba 0000 
  0x00000247db1fa740: 0080 4702 | 0000 492b | ca89 4808 | 49ba ca25 | 03d3 f97f | 0000 4180 | 3a00 0f84 | 3c00 0000 
  0x00000247db1fa760: 5048 8bc8 | 4883 ec20 | 40f6 c40f | 0f84 1900 | 0000 4883 | ec08 48b8 | 70eb b3d2 | f97f 0000 
  0x00000247db1fa780: ffd0 4883 | c408 e90c | 0000 0048 | b870 ebb3 | d2f9 7f00 | 00ff d048 | 83c4 2058 | e9cb 0000 
  0x00000247db1fa7a0: 0059 488b | 55e8 488b | 5208 488b | 5208 450f | b745 0141 | 0fc8 41c1 | e810 e805 | 0000 00e9 
  0x00000247db1fa7c0: a800 0000 | 488d 4424 | 084c 896d | c049 8bcf | c5f8 7749 | 89af a803 | 0000 4989 | 8798 0300 
  0x00000247db1fa7e0: 0048 83ec | 2040 f6c4 | 0f0f 8419 | 0000 0048 | 83ec 0848 | b8b0 367e | d2f9 7f00 | 00ff d048 
  0x00000247db1fa800: 83c4 08e9 | 0c00 0000 | 48b8 b036 | 7ed2 f97f | 0000 ffd0 | 4883 c420 | 49c7 8798 | 0300 0000 
  0x00000247db1fa820: 0000 0049 | c787 a803 | 0000 0000 | 0000 49c7 | 87a0 0300 | 0000 0000 | 00c5 f877 | 4983 7f08 
  0x00000247db1fa840: 000f 8405 | 0000 00e9 | b466 feff | 498b 87f0 | 0300 0049 | c787 f003 | 0000 0000 | 0000 4c8b 
  0x00000247db1fa860: 6dc0 4c8b | 75c8 4e8d | 74f5 00c3 | 410f b65d | 0349 83c5 | 0349 ba80 | df05 d3f9 | 7f00 0041 
  0x00000247db1fa880: ff24 da0f | 1f44 0000 
[/MachCode]

---------------  P R O C E S S  ---------------

Threads class SMR info:
_java_thread_list=0x00000247e8f80470, length=18, elements={
0x00000247e8a47d20, 0x00000247e8a48a40, 0x00000247e8a4b7b0, 0x00000247e8a4c470,
0x00000247e8a4d610, 0x00000247e8a50800, 0x00000247e8a5d5b0, 0x00000247e8a5e400,
0x00000247e8c9d730, 0x00000247e8ca3cf0, 0x00000247e8cbd740, 0x00000247e8d093e0,
0x00000247e8dca760, 0x00000247e8f387a0, 0x00000247e8f40e20, 0x00000247e8f41980,
0x00000247ee44d0f0, 0x00000247c9667b20
}

Java Threads: ( => current thread )
  0x00000247e8a47d20 JavaThread "Reference Handler"          daemon [_thread_blocked, id=13440, stack(0x000000618bd00000,0x000000618be00000) (1024K)]
  0x00000247e8a48a40 JavaThread "Finalizer"                  daemon [_thread_blocked, id=14284, stack(0x000000618be00000,0x000000618bf00000) (1024K)]
  0x00000247e8a4b7b0 JavaThread "Signal Dispatcher"          daemon [_thread_blocked, id=12164, stack(0x000000618bf00000,0x000000618c000000) (1024K)]
  0x00000247e8a4c470 JavaThread "Attach Listener"            daemon [_thread_blocked, id=9944, stack(0x000000618c000000,0x000000618c100000) (1024K)]
  0x00000247e8a4d610 JavaThread "Service Thread"             daemon [_thread_blocked, id=15452, stack(0x000000618c100000,0x000000618c200000) (1024K)]
  0x00000247e8a50800 JavaThread "Monitor Deflation Thread"   daemon [_thread_blocked, id=11096, stack(0x000000618c200000,0x000000618c300000) (1024K)]
  0x00000247e8a5d5b0 JavaThread "C2 CompilerThread0"         daemon [_thread_blocked, id=15936, stack(0x000000618c300000,0x000000618c400000) (1024K)]
  0x00000247e8a5e400 JavaThread "C1 CompilerThread0"         daemon [_thread_blocked, id=13712, stack(0x000000618c400000,0x000000618c500000) (1024K)]
  0x00000247e8c9d730 JavaThread "Common-Cleaner"             daemon [_thread_blocked, id=13484, stack(0x000000618c500000,0x000000618c600000) (1024K)]
  0x00000247e8ca3cf0 JavaThread "C1 CompilerThread1"         daemon [_thread_blocked, id=4796, stack(0x000000618c600000,0x000000618c700000) (1024K)]
  0x00000247e8cbd740 JavaThread "C1 CompilerThread2"         daemon [_thread_blocked, id=14852, stack(0x000000618c700000,0x000000618c800000) (1024K)]
  0x00000247e8d093e0 JavaThread "C2 CompilerThread1"         daemon [_thread_blocked, id=14532, stack(0x000000618c800000,0x000000618c900000) (1024K)]
  0x00000247e8dca760 JavaThread "Notification Thread"        daemon [_thread_blocked, id=12084, stack(0x000000618c900000,0x000000618ca00000) (1024K)]
  0x00000247e8f387a0 JavaThread "Java2D Disposer"            daemon [_thread_blocked, id=9856, stack(0x000000618ca00000,0x000000618cb00000) (1024K)]
  0x00000247e8f40e20 JavaThread "AWT-Shutdown"                      [_thread_blocked, id=1928, stack(0x000000618cb00000,0x000000618cc00000) (1024K)]
  0x00000247e8f41980 JavaThread "AWT-Windows"                daemon [_thread_in_native, id=8464, stack(0x000000618cc00000,0x000000618cd00000) (1024K)]
=>0x00000247ee44d0f0 JavaThread "AWT-EventQueue-0"                  [_thread_in_vm, id=11276, stack(0x000000618cd00000,0x000000618ce00000) (1024K)]
  0x00000247c9667b20 JavaThread "DestroyJavaVM"                     [_thread_blocked, id=17136, stack(0x000000618b500000,0x000000618b600000) (1024K)]
Total: 18

Other Threads:
  0x00000247e8a283e0 VMThread "VM Thread"                           [id=8908, stack(0x000000618bc00000,0x000000618bd00000) (1024K)]
  0x00000247e8a0c7c0 WatcherThread "VM Periodic Task Thread"        [id=2668, stack(0x000000618bb00000,0x000000618bc00000) (1024K)]
  0x00000247cb9872e0 WorkerThread "GC Thread#0"                     [id=15976, stack(0x000000618b600000,0x000000618b700000) (1024K)]
  0x00000247cb997700 ConcurrentGCThread "G1 Main Marker"            [id=9656, stack(0x000000618b700000,0x000000618b800000) (1024K)]
  0x00000247cb9989a0 WorkerThread "G1 Conc#0"                       [id=16980, stack(0x000000618b800000,0x000000618b900000) (1024K)]
  0x00000247cb9fe910 ConcurrentGCThread "G1 Refine#0"               [id=12028, stack(0x000000618b900000,0x000000618ba00000) (1024K)]
  0x00000247e88e06a0 ConcurrentGCThread "G1 Service"                [id=2072, stack(0x000000618ba00000,0x000000618bb00000) (1024K)]
Total: 7

Threads with active compile tasks:
Total: 0

VM state: not at safepoint (normal execution)

VM Mutex/Monitor currently owned by a thread:  ([mutex/lock_event])
[0x00007ff9d3048578] Metaspace_lock - owner thread: 0x00000247ee44d0f0

Heap address: 0x000000008ac00000, size: 1876 MB, Compressed Oops mode: 32-bit

CDS archive(s) mapped at: [0x0000024780000000-0x0000024780c90000-0x0000024780c90000), size 13172736, SharedBaseAddress: 0x0000024780000000, ArchiveRelocationMode: 1.
Compressed class space mapped at: 0x0000024781000000-0x00000247c1000000, reserved size: 1073741824
Narrow klass base: 0x0000024780000000, Narrow klass shift: 0, Narrow klass range: 0x100000000

GC Precious Log:
 CardTable entry size: 512
 Card Set container configuration: InlinePtr #cards 5 size 8 Array Of Cards #cards 12 size 40 Howl #buckets 4 coarsen threshold 1843 Howl Bitmap #cards 512 size 80 coarsen threshold 460 Card regions per heap region 1 cards per card region 2048
 CPUs: 16 total, 16 available
 Memory: 7501M
 Large Page Support: Disabled
 NUMA Support: Disabled
 Compressed Oops: Enabled (32-bit)
 Heap Region Size: 1M
 Heap Min Capacity: 8M
 Heap Initial Capacity: 118M
 Heap Max Capacity: 1876M
 Pre-touch: Disabled
 Parallel Workers: 13
 Concurrent Workers: 3
 Concurrent Refinement Workers: 13
 Periodic GC: Disabled

Heap:
 garbage-first heap   total 120832K, used 8192K [0x000000008ac00000, 0x0000000100000000)
  region size 1024K, 9 young (9216K), 0 survivors (0K)
 Metaspace       used 7177K, committed 7360K, reserved 1114112K
  class space    used 826K, committed 960K, reserved 1048576K

Heap Regions: E=young(eden), S=young(survivor), O=old, HS=humongous(starts), HC=humongous(continues), CS=collection set, F=free, TAMS=top-at-mark-start, PB=parsable bottom
|   0|0x000000008ac00000, 0x000000008ac00000, 0x000000008ad00000|  0%| F|  |TAMS 0x000000008ac00000| PB 0x000000008ac00000| Untracked 
|   1|0x000000008ad00000, 0x000000008ad00000, 0x000000008ae00000|  0%| F|  |TAMS 0x000000008ad00000| PB 0x000000008ad00000| Untracked 
|   2|0x000000008ae00000, 0x000000008ae00000, 0x000000008af00000|  0%| F|  |TAMS 0x000000008ae00000| PB 0x000000008ae00000| Untracked 
|   3|0x000000008af00000, 0x000000008af00000, 0x000000008b000000|  0%| F|  |TAMS 0x000000008af00000| PB 0x000000008af00000| Untracked 
|   4|0x000000008b000000, 0x000000008b000000, 0x000000008b100000|  0%| F|  |TAMS 0x000000008b000000| PB 0x000000008b000000| Untracked 
|   5|0x000000008b100000, 0x000000008b100000, 0x000000008b200000|  0%| F|  |TAMS 0x000000008b100000| PB 0x000000008b100000| Untracked 
|   6|0x000000008b200000, 0x000000008b200000, 0x000000008b300000|  0%| F|  |TAMS 0x000000008b200000| PB 0x000000008b200000| Untracked 
|   7|0x000000008b300000, 0x000000008b300000, 0x000000008b400000|  0%| F|  |TAMS 0x000000008b300000| PB 0x000000008b300000| Untracked 
|   8|0x000000008b400000, 0x000000008b400000, 0x000000008b500000|  0%| F|  |TAMS 0x000000008b400000| PB 0x000000008b400000| Untracked 
|   9|0x000000008b500000, 0x000000008b500000, 0x000000008b600000|  0%| F|  |TAMS 0x000000008b500000| PB 0x000000008b500000| Untracked 
|  10|0x000000008b600000, 0x000000008b600000, 0x000000008b700000|  0%| F|  |TAMS 0x000000008b600000| PB 0x000000008b600000| Untracked 
|  11|0x000000008b700000, 0x000000008b700000, 0x000000008b800000|  0%| F|  |TAMS 0x000000008b700000| PB 0x000000008b700000| Untracked 
|  12|0x000000008b800000, 0x000000008b800000, 0x000000008b900000|  0%| F|  |TAMS 0x000000008b800000| PB 0x000000008b800000| Untracked 
|  13|0x000000008b900000, 0x000000008b900000, 0x000000008ba00000|  0%| F|  |TAMS 0x000000008b900000| PB 0x000000008b900000| Untracked 
|  14|0x000000008ba00000, 0x000000008ba00000, 0x000000008bb00000|  0%| F|  |TAMS 0x000000008ba00000| PB 0x000000008ba00000| Untracked 
|  15|0x000000008bb00000, 0x000000008bb00000, 0x000000008bc00000|  0%| F|  |TAMS 0x000000008bb00000| PB 0x000000008bb00000| Untracked 
|  16|0x000000008bc00000, 0x000000008bc00000, 0x000000008bd00000|  0%| F|  |TAMS 0x000000008bc00000| PB 0x000000008bc00000| Untracked 
|  17|0x000000008bd00000, 0x000000008bd00000, 0x000000008be00000|  0%| F|  |TAMS 0x000000008bd00000| PB 0x000000008bd00000| Untracked 
|  18|0x000000008be00000, 0x000000008be00000, 0x000000008bf00000|  0%| F|  |TAMS 0x000000008be00000| PB 0x000000008be00000| Untracked 
|  19|0x000000008bf00000, 0x000000008bf00000, 0x000000008c000000|  0%| F|  |TAMS 0x000000008bf00000| PB 0x000000008bf00000| Untracked 
|  20|0x000000008c000000, 0x000000008c000000, 0x000000008c100000|  0%| F|  |TAMS 0x000000008c000000| PB 0x000000008c000000| Untracked 
|  21|0x000000008c100000, 0x000000008c100000, 0x000000008c200000|  0%| F|  |TAMS 0x000000008c100000| PB 0x000000008c100000| Untracked 
|  22|0x000000008c200000, 0x000000008c200000, 0x000000008c300000|  0%| F|  |TAMS 0x000000008c200000| PB 0x000000008c200000| Untracked 
|  23|0x000000008c300000, 0x000000008c300000, 0x000000008c400000|  0%| F|  |TAMS 0x000000008c300000| PB 0x000000008c300000| Untracked 
|  24|0x000000008c400000, 0x000000008c400000, 0x000000008c500000|  0%| F|  |TAMS 0x000000008c400000| PB 0x000000008c400000| Untracked 
|  25|0x000000008c500000, 0x000000008c500000, 0x000000008c600000|  0%| F|  |TAMS 0x000000008c500000| PB 0x000000008c500000| Untracked 
|  26|0x000000008c600000, 0x000000008c600000, 0x000000008c700000|  0%| F|  |TAMS 0x000000008c600000| PB 0x000000008c600000| Untracked 
|  27|0x000000008c700000, 0x000000008c700000, 0x000000008c800000|  0%| F|  |TAMS 0x000000008c700000| PB 0x000000008c700000| Untracked 
|  28|0x000000008c800000, 0x000000008c800000, 0x000000008c900000|  0%| F|  |TAMS 0x000000008c800000| PB 0x000000008c800000| Untracked 
|  29|0x000000008c900000, 0x000000008c900000, 0x000000008ca00000|  0%| F|  |TAMS 0x000000008c900000| PB 0x000000008c900000| Untracked 
|  30|0x000000008ca00000, 0x000000008ca00000, 0x000000008cb00000|  0%| F|  |TAMS 0x000000008ca00000| PB 0x000000008ca00000| Untracked 
|  31|0x000000008cb00000, 0x000000008cb00000, 0x000000008cc00000|  0%| F|  |TAMS 0x000000008cb00000| PB 0x000000008cb00000| Untracked 
|  32|0x000000008cc00000, 0x000000008cc00000, 0x000000008cd00000|  0%| F|  |TAMS 0x000000008cc00000| PB 0x000000008cc00000| Untracked 
|  33|0x000000008cd00000, 0x000000008cd00000, 0x000000008ce00000|  0%| F|  |TAMS 0x000000008cd00000| PB 0x000000008cd00000| Untracked 
|  34|0x000000008ce00000, 0x000000008ce00000, 0x000000008cf00000|  0%| F|  |TAMS 0x000000008ce00000| PB 0x000000008ce00000| Untracked 
|  35|0x000000008cf00000, 0x000000008cf00000, 0x000000008d000000|  0%| F|  |TAMS 0x000000008cf00000| PB 0x000000008cf00000| Untracked 
|  36|0x000000008d000000, 0x000000008d000000, 0x000000008d100000|  0%| F|  |TAMS 0x000000008d000000| PB 0x000000008d000000| Untracked 
|  37|0x000000008d100000, 0x000000008d100000, 0x000000008d200000|  0%| F|  |TAMS 0x000000008d100000| PB 0x000000008d100000| Untracked 
|  38|0x000000008d200000, 0x000000008d200000, 0x000000008d300000|  0%| F|  |TAMS 0x000000008d200000| PB 0x000000008d200000| Untracked 
|  39|0x000000008d300000, 0x000000008d300000, 0x000000008d400000|  0%| F|  |TAMS 0x000000008d300000| PB 0x000000008d300000| Untracked 
|  40|0x000000008d400000, 0x000000008d400000, 0x000000008d500000|  0%| F|  |TAMS 0x000000008d400000| PB 0x000000008d400000| Untracked 
|  41|0x000000008d500000, 0x000000008d500000, 0x000000008d600000|  0%| F|  |TAMS 0x000000008d500000| PB 0x000000008d500000| Untracked 
|  42|0x000000008d600000, 0x000000008d600000, 0x000000008d700000|  0%| F|  |TAMS 0x000000008d600000| PB 0x000000008d600000| Untracked 
|  43|0x000000008d700000, 0x000000008d700000, 0x000000008d800000|  0%| F|  |TAMS 0x000000008d700000| PB 0x000000008d700000| Untracked 
|  44|0x000000008d800000, 0x000000008d800000, 0x000000008d900000|  0%| F|  |TAMS 0x000000008d800000| PB 0x000000008d800000| Untracked 
|  45|0x000000008d900000, 0x000000008d900000, 0x000000008da00000|  0%| F|  |TAMS 0x000000008d900000| PB 0x000000008d900000| Untracked 
|  46|0x000000008da00000, 0x000000008da00000, 0x000000008db00000|  0%| F|  |TAMS 0x000000008da00000| PB 0x000000008da00000| Untracked 
|  47|0x000000008db00000, 0x000000008db00000, 0x000000008dc00000|  0%| F|  |TAMS 0x000000008db00000| PB 0x000000008db00000| Untracked 
|  48|0x000000008dc00000, 0x000000008dc00000, 0x000000008dd00000|  0%| F|  |TAMS 0x000000008dc00000| PB 0x000000008dc00000| Untracked 
|  49|0x000000008dd00000, 0x000000008dd00000, 0x000000008de00000|  0%| F|  |TAMS 0x000000008dd00000| PB 0x000000008dd00000| Untracked 
|  50|0x000000008de00000, 0x000000008de00000, 0x000000008df00000|  0%| F|  |TAMS 0x000000008de00000| PB 0x000000008de00000| Untracked 
|  51|0x000000008df00000, 0x000000008df00000, 0x000000008e000000|  0%| F|  |TAMS 0x000000008df00000| PB 0x000000008df00000| Untracked 
|  52|0x000000008e000000, 0x000000008e000000, 0x000000008e100000|  0%| F|  |TAMS 0x000000008e000000| PB 0x000000008e000000| Untracked 
|  53|0x000000008e100000, 0x000000008e100000, 0x000000008e200000|  0%| F|  |TAMS 0x000000008e100000| PB 0x000000008e100000| Untracked 
|  54|0x000000008e200000, 0x000000008e200000, 0x000000008e300000|  0%| F|  |TAMS 0x000000008e200000| PB 0x000000008e200000| Untracked 
|  55|0x000000008e300000, 0x000000008e300000, 0x000000008e400000|  0%| F|  |TAMS 0x000000008e300000| PB 0x000000008e300000| Untracked 
|  56|0x000000008e400000, 0x000000008e400000, 0x000000008e500000|  0%| F|  |TAMS 0x000000008e400000| PB 0x000000008e400000| Untracked 
|  57|0x000000008e500000, 0x000000008e500000, 0x000000008e600000|  0%| F|  |TAMS 0x000000008e500000| PB 0x000000008e500000| Untracked 
|  58|0x000000008e600000, 0x000000008e600000, 0x000000008e700000|  0%| F|  |TAMS 0x000000008e600000| PB 0x000000008e600000| Untracked 
|  59|0x000000008e700000, 0x000000008e700000, 0x000000008e800000|  0%| F|  |TAMS 0x000000008e700000| PB 0x000000008e700000| Untracked 
|  60|0x000000008e800000, 0x000000008e800000, 0x000000008e900000|  0%| F|  |TAMS 0x000000008e800000| PB 0x000000008e800000| Untracked 
|  61|0x000000008e900000, 0x000000008e900000, 0x000000008ea00000|  0%| F|  |TAMS 0x000000008e900000| PB 0x000000008e900000| Untracked 
|  62|0x000000008ea00000, 0x000000008ea00000, 0x000000008eb00000|  0%| F|  |TAMS 0x000000008ea00000| PB 0x000000008ea00000| Untracked 
|  63|0x000000008eb00000, 0x000000008eb00000, 0x000000008ec00000|  0%| F|  |TAMS 0x000000008eb00000| PB 0x000000008eb00000| Untracked 
|  64|0x000000008ec00000, 0x000000008ec00000, 0x000000008ed00000|  0%| F|  |TAMS 0x000000008ec00000| PB 0x000000008ec00000| Untracked 
|  65|0x000000008ed00000, 0x000000008ed00000, 0x000000008ee00000|  0%| F|  |TAMS 0x000000008ed00000| PB 0x000000008ed00000| Untracked 
|  66|0x000000008ee00000, 0x000000008ee00000, 0x000000008ef00000|  0%| F|  |TAMS 0x000000008ee00000| PB 0x000000008ee00000| Untracked 
|  67|0x000000008ef00000, 0x000000008ef00000, 0x000000008f000000|  0%| F|  |TAMS 0x000000008ef00000| PB 0x000000008ef00000| Untracked 
|  68|0x000000008f000000, 0x000000008f000000, 0x000000008f100000|  0%| F|  |TAMS 0x000000008f000000| PB 0x000000008f000000| Untracked 
|  69|0x000000008f100000, 0x000000008f100000, 0x000000008f200000|  0%| F|  |TAMS 0x000000008f100000| PB 0x000000008f100000| Untracked 
|  70|0x000000008f200000, 0x000000008f200000, 0x000000008f300000|  0%| F|  |TAMS 0x000000008f200000| PB 0x000000008f200000| Untracked 
|  71|0x000000008f300000, 0x000000008f300000, 0x000000008f400000|  0%| F|  |TAMS 0x000000008f300000| PB 0x000000008f300000| Untracked 
|  72|0x000000008f400000, 0x000000008f400000, 0x000000008f500000|  0%| F|  |TAMS 0x000000008f400000| PB 0x000000008f400000| Untracked 
|  73|0x000000008f500000, 0x000000008f500000, 0x000000008f600000|  0%| F|  |TAMS 0x000000008f500000| PB 0x000000008f500000| Untracked 
|  74|0x000000008f600000, 0x000000008f600000, 0x000000008f700000|  0%| F|  |TAMS 0x000000008f600000| PB 0x000000008f600000| Untracked 
|  75|0x000000008f700000, 0x000000008f700000, 0x000000008f800000|  0%| F|  |TAMS 0x000000008f700000| PB 0x000000008f700000| Untracked 
|  76|0x000000008f800000, 0x000000008f800000, 0x000000008f900000|  0%| F|  |TAMS 0x000000008f800000| PB 0x000000008f800000| Untracked 
|  77|0x000000008f900000, 0x000000008f900000, 0x000000008fa00000|  0%| F|  |TAMS 0x000000008f900000| PB 0x000000008f900000| Untracked 
|  78|0x000000008fa00000, 0x000000008fa00000, 0x000000008fb00000|  0%| F|  |TAMS 0x000000008fa00000| PB 0x000000008fa00000| Untracked 
|  79|0x000000008fb00000, 0x000000008fb00000, 0x000000008fc00000|  0%| F|  |TAMS 0x000000008fb00000| PB 0x000000008fb00000| Untracked 
|  80|0x000000008fc00000, 0x000000008fc00000, 0x000000008fd00000|  0%| F|  |TAMS 0x000000008fc00000| PB 0x000000008fc00000| Untracked 
|  81|0x000000008fd00000, 0x000000008fd00000, 0x000000008fe00000|  0%| F|  |TAMS 0x000000008fd00000| PB 0x000000008fd00000| Untracked 
|  82|0x000000008fe00000, 0x000000008fe00000, 0x000000008ff00000|  0%| F|  |TAMS 0x000000008fe00000| PB 0x000000008fe00000| Untracked 
|  83|0x000000008ff00000, 0x000000008ff00000, 0x0000000090000000|  0%| F|  |TAMS 0x000000008ff00000| PB 0x000000008ff00000| Untracked 
|  84|0x0000000090000000, 0x0000000090000000, 0x0000000090100000|  0%| F|  |TAMS 0x0000000090000000| PB 0x0000000090000000| Untracked 
|  85|0x0000000090100000, 0x0000000090100000, 0x0000000090200000|  0%| F|  |TAMS 0x0000000090100000| PB 0x0000000090100000| Untracked 
|  86|0x0000000090200000, 0x0000000090200000, 0x0000000090300000|  0%| F|  |TAMS 0x0000000090200000| PB 0x0000000090200000| Untracked 
|  87|0x0000000090300000, 0x0000000090300000, 0x0000000090400000|  0%| F|  |TAMS 0x0000000090300000| PB 0x0000000090300000| Untracked 
|  88|0x0000000090400000, 0x0000000090400000, 0x0000000090500000|  0%| F|  |TAMS 0x0000000090400000| PB 0x0000000090400000| Untracked 
|  89|0x0000000090500000, 0x0000000090500000, 0x0000000090600000|  0%| F|  |TAMS 0x0000000090500000| PB 0x0000000090500000| Untracked 
|  90|0x0000000090600000, 0x0000000090600000, 0x0000000090700000|  0%| F|  |TAMS 0x0000000090600000| PB 0x0000000090600000| Untracked 
|  91|0x0000000090700000, 0x0000000090700000, 0x0000000090800000|  0%| F|  |TAMS 0x0000000090700000| PB 0x0000000090700000| Untracked 
|  92|0x0000000090800000, 0x0000000090800000, 0x0000000090900000|  0%| F|  |TAMS 0x0000000090800000| PB 0x0000000090800000| Untracked 
|  93|0x0000000090900000, 0x0000000090900000, 0x0000000090a00000|  0%| F|  |TAMS 0x0000000090900000| PB 0x0000000090900000| Untracked 
|  94|0x0000000090a00000, 0x0000000090a00000, 0x0000000090b00000|  0%| F|  |TAMS 0x0000000090a00000| PB 0x0000000090a00000| Untracked 
|  95|0x0000000090b00000, 0x0000000090b00000, 0x0000000090c00000|  0%| F|  |TAMS 0x0000000090b00000| PB 0x0000000090b00000| Untracked 
|  96|0x0000000090c00000, 0x0000000090c00000, 0x0000000090d00000|  0%| F|  |TAMS 0x0000000090c00000| PB 0x0000000090c00000| Untracked 
|  97|0x0000000090d00000, 0x0000000090d00000, 0x0000000090e00000|  0%| F|  |TAMS 0x0000000090d00000| PB 0x0000000090d00000| Untracked 
|  98|0x0000000090e00000, 0x0000000090e00000, 0x0000000090f00000|  0%| F|  |TAMS 0x0000000090e00000| PB 0x0000000090e00000| Untracked 
|  99|0x0000000090f00000, 0x0000000090f00000, 0x0000000091000000|  0%| F|  |TAMS 0x0000000090f00000| PB 0x0000000090f00000| Untracked 
| 100|0x0000000091000000, 0x0000000091000000, 0x0000000091100000|  0%| F|  |TAMS 0x0000000091000000| PB 0x0000000091000000| Untracked 
| 101|0x0000000091100000, 0x0000000091100000, 0x0000000091200000|  0%| F|  |TAMS 0x0000000091100000| PB 0x0000000091100000| Untracked 
| 102|0x0000000091200000, 0x0000000091200000, 0x0000000091300000|  0%| F|  |TAMS 0x0000000091200000| PB 0x0000000091200000| Untracked 
| 103|0x0000000091300000, 0x0000000091300000, 0x0000000091400000|  0%| F|  |TAMS 0x0000000091300000| PB 0x0000000091300000| Untracked 
| 104|0x0000000091400000, 0x0000000091400000, 0x0000000091500000|  0%| F|  |TAMS 0x0000000091400000| PB 0x0000000091400000| Untracked 
| 105|0x0000000091500000, 0x0000000091500000, 0x0000000091600000|  0%| F|  |TAMS 0x0000000091500000| PB 0x0000000091500000| Untracked 
| 106|0x0000000091600000, 0x0000000091600000, 0x0000000091700000|  0%| F|  |TAMS 0x0000000091600000| PB 0x0000000091600000| Untracked 
| 107|0x0000000091700000, 0x0000000091700000, 0x0000000091800000|  0%| F|  |TAMS 0x0000000091700000| PB 0x0000000091700000| Untracked 
| 108|0x0000000091800000, 0x0000000091800000, 0x0000000091900000|  0%| F|  |TAMS 0x0000000091800000| PB 0x0000000091800000| Untracked 
| 109|0x0000000091900000, 0x00000000919ec178, 0x0000000091a00000| 92%| E|  |TAMS 0x0000000091900000| PB 0x0000000091900000| Complete 
| 110|0x0000000091a00000, 0x0000000091b00000, 0x0000000091b00000|100%| E|CS|TAMS 0x0000000091a00000| PB 0x0000000091a00000| Complete 
| 111|0x0000000091b00000, 0x0000000091c00000, 0x0000000091c00000|100%| E|CS|TAMS 0x0000000091b00000| PB 0x0000000091b00000| Complete 
| 112|0x0000000091c00000, 0x0000000091d00000, 0x0000000091d00000|100%| E|CS|TAMS 0x0000000091c00000| PB 0x0000000091c00000| Complete 
| 113|0x0000000091d00000, 0x0000000091e00000, 0x0000000091e00000|100%| E|CS|TAMS 0x0000000091d00000| PB 0x0000000091d00000| Complete 
| 114|0x0000000091e00000, 0x0000000091f00000, 0x0000000091f00000|100%| E|CS|TAMS 0x0000000091e00000| PB 0x0000000091e00000| Complete 
| 115|0x0000000091f00000, 0x0000000092000000, 0x0000000092000000|100%| E|CS|TAMS 0x0000000091f00000| PB 0x0000000091f00000| Complete 
| 116|0x0000000092000000, 0x0000000092100000, 0x0000000092100000|100%| E|CS|TAMS 0x0000000092000000| PB 0x0000000092000000| Complete 
| 117|0x0000000092100000, 0x0000000092200000, 0x0000000092200000|100%| E|CS|TAMS 0x0000000092100000| PB 0x0000000092100000| Complete 

Card table byte_map: [0x00000247e39c0000,0x00000247e3d70000] _byte_map_base: 0x00000247e356a000

Marking Bits: (CMBitMap*) 0x00000247cb9881f0
 Bits: [0x00000247e3d70000, 0x00000247e5ac0000)

Polling page: 0x00000247c98e0000

Metaspace:

Usage:
  Non-class:      6.20 MB used.
      Class:    826.11 KB used.
       Both:      7.01 MB used.

Virtual space:
  Non-class space:       64.00 MB reserved,       6.25 MB ( 10%) committed,  1 nodes.
      Class space:        1.00 GB reserved,     960.00 KB ( <1%) committed,  1 nodes.
             Both:        1.06 GB reserved,       7.19 MB ( <1%) committed. 

Chunk freelists:
   Non-Class:  9.00 MB
       Class:  14.99 MB
        Both:  23.99 MB

MaxMetaspaceSize: unlimited
CompressedClassSpaceSize: 1.00 GB
Initial GC threshold: 21.00 MB
Current GC threshold: 21.00 MB
CDS: on
 - commit_granule_bytes: 65536.
 - commit_granule_words: 8192.
 - virtual_space_node_default_size: 8388608.
 - enlarge_chunks_in_place: 1.
 - use_allocation_guard: 0.


Internal statistics:

num_allocs_failed_limit: 0.
num_arena_births: 130.
num_arena_deaths: 0.
num_vsnodes_births: 2.
num_vsnodes_deaths: 0.
num_space_committed: 115.
num_space_uncommitted: 0.
num_chunks_returned_to_freelist: 0.
num_chunks_taken_from_freelist: 155.
num_chunk_merges: 0.
num_chunk_splits: 98.
num_chunks_enlarged: 49.
num_inconsistent_stats: 0.

CodeHeap 'non-profiled nmethods': size=119168Kb used=209Kb max_used=209Kb free=118959Kb
 bounds [0x00000247db930000, 0x00000247dbba0000, 0x00000247e2d90000]
CodeHeap 'profiled nmethods': size=119104Kb used=1144Kb max_used=1144Kb free=117959Kb
 bounds [0x00000247d3d90000, 0x00000247d4000000, 0x00000247db1e0000]
CodeHeap 'non-nmethods': size=7488Kb used=2592Kb max_used=2605Kb free=4895Kb
 bounds [0x00000247db1e0000, 0x00000247db470000, 0x00000247db930000]
 total_blobs=1295 nmethods=744 adapters=454
 compilation: enabled
              stopped_count=0, restarted_count=0
 full_count=0

Compilation events (20 events):
Event: 0.443 Thread 0x00000247e8a5e400  736   !   3       javax.swing.UIManager::getLAFState (61 bytes)
Event: 0.444 Thread 0x00000247e8ca3cf0 nmethod 734 0x00000247d3ea9210 code [0x00000247d3ea93e0, 0x00000247d3ea95f0]
Event: 0.444 Thread 0x00000247e8a5e400 nmethod 736 0x00000247d3ea9690 code [0x00000247d3ea98e0, 0x00000247d3eaa048]
Event: 0.444 Thread 0x00000247e8cbd740 nmethod 735 0x00000247d3eaa390 code [0x00000247d3eaa6c0, 0x00000247d3eabc28]
Event: 0.444 Thread 0x00000247e8ca3cf0  737       1       java.beans.PropertyChangeEvent::getOldValue (5 bytes)
Event: 0.444 Thread 0x00000247e8cbd740  738       1       java.beans.PropertyChangeEvent::getNewValue (5 bytes)
Event: 0.444 Thread 0x00000247e8ca3cf0 nmethod 737 0x00000247db963b10 code [0x00000247db963ca0, 0x00000247db963d68]
Event: 0.444 Thread 0x00000247e8cbd740 nmethod 738 0x00000247db963e10 code [0x00000247db963fa0, 0x00000247db964068]
Event: 0.451 Thread 0x00000247e8a5e400  739       3       java.lang.StrictMath::floorOrCeil (128 bytes)
Event: 0.451 Thread 0x00000247e8ca3cf0  740       3       java.lang.Math::getExponent (17 bytes)
Event: 0.451 Thread 0x00000247e8cbd740  741       3       javax.swing.plaf.nimbus.DerivedColor::hashCode (101 bytes)
Event: 0.451 Thread 0x00000247e8ca3cf0 nmethod 740 0x00000247d3eac190 code [0x00000247d3eac320, 0x00000247d3eac450]
Event: 0.451 Thread 0x00000247e8ca3cf0  742   !   3       javax.swing.UIManager::maybeInitialize (36 bytes)
Event: 0.452 Thread 0x00000247e8cbd740 nmethod 741 0x00000247d3eac510 code [0x00000247d3eac720, 0x00000247d3eacee8]
Event: 0.452 Thread 0x00000247e8cbd740  743       3       javax.swing.plaf.nimbus.DerivedColor$UIResource::hashCode (8 bytes)
Event: 0.452 Thread 0x00000247e8a5e400 nmethod 739 0x00000247d3ead090 code [0x00000247d3ead260, 0x00000247d3ead700]
Event: 0.452 Thread 0x00000247e8ca3cf0 nmethod 742 0x00000247d3ead810 code [0x00000247d3ead9e0, 0x00000247d3eadcb0]
Event: 0.452 Thread 0x00000247e8cbd740 nmethod 743 0x00000247d3eade90 code [0x00000247d3eae040, 0x00000247d3eae188]
Event: 0.452 Thread 0x00000247e8ca3cf0  744       1       java.awt.Component::getObjectLock (5 bytes)
Event: 0.452 Thread 0x00000247e8ca3cf0 nmethod 744 0x00000247db964110 code [0x00000247db9642a0, 0x00000247db964370]

GC Heap History (0 events):
No events

Dll operation events (9 events):
Event: 0.014 Loaded shared library C:\Program Files\Java\jdk-21\bin\java.dll
Event: 0.087 Loaded shared library C:\Program Files\Java\jdk-21\bin\jsvml.dll
Event: 0.120 Loaded shared library C:\Program Files\Java\jdk-21\bin\net.dll
Event: 0.121 Loaded shared library C:\Program Files\Java\jdk-21\bin\nio.dll
Event: 0.150 Loaded shared library C:\Program Files\Java\jdk-21\bin\zip.dll
Event: 0.166 Loaded shared library C:\Program Files\Java\jdk-21\bin\jimage.dll
Event: 0.182 Loaded shared library C:\Program Files\Java\jdk-21\bin\awt.dll
Event: 0.303 Loaded shared library C:\Program Files\Java\jdk-21\bin\freetype.dll
Event: 0.304 Loaded shared library C:\Program Files\Java\jdk-21\bin\fontmanager.dll

Deoptimization events (14 events):
Event: 0.258 Thread 0x00000247c9667b20 Uncommon trap: trap_request=0xffffff45 fr.pc=0x00000247db942964 relative=0x0000000000000a04
Event: 0.258 Thread 0x00000247c9667b20 Uncommon trap: reason=unstable_if action=reinterpret pc=0x00000247db942964 method=java.util.HashMap.putVal(ILjava/lang/Object;Ljava/lang/Object;ZZ)Ljava/lang/Object; @ 236 c2
Event: 0.258 Thread 0x00000247c9667b20 DEOPT PACKING pc=0x00000247db942964 sp=0x000000618b5fe500
Event: 0.258 Thread 0x00000247c9667b20 DEOPT UNPACKING pc=0x00000247db2346a2 sp=0x000000618b5fe4b8 mode 2
Event: 0.429 Thread 0x00000247ee44d0f0 Uncommon trap: trap_request=0xffffff3d fr.pc=0x00000247db95da14 relative=0x0000000000000b74
Event: 0.429 Thread 0x00000247ee44d0f0 Uncommon trap: reason=unstable_fused_if action=reinterpret pc=0x00000247db95da14 method=java.util.HashMap.resize()[Ljava/util/HashMap$Node; @ 31 c2
Event: 0.429 Thread 0x00000247ee44d0f0 DEOPT PACKING pc=0x00000247db95da14 sp=0x000000618cdfe0d0
Event: 0.429 Thread 0x00000247ee44d0f0 DEOPT UNPACKING pc=0x00000247db2346a2 sp=0x000000618cdfe058 mode 2
Event: 0.441 Thread 0x00000247ee44d0f0 DEOPT PACKING pc=0x00000247d3db3319 sp=0x000000618cdfe3c0
Event: 0.441 Thread 0x00000247ee44d0f0 DEOPT UNPACKING pc=0x00000247db234e42 sp=0x000000618cdfd7e0 mode 0
Event: 0.452 Thread 0x00000247ee44d0f0 Uncommon trap: trap_request=0xffffffde fr.pc=0x00000247db95f304 relative=0x00000000000002a4
Event: 0.452 Thread 0x00000247ee44d0f0 Uncommon trap: reason=class_check action=maybe_recompile pc=0x00000247db95f304 method=java.util.HashMap.getNode(Ljava/lang/Object;)Ljava/util/HashMap$Node; @ 63 c2
Event: 0.452 Thread 0x00000247ee44d0f0 DEOPT PACKING pc=0x00000247db95f304 sp=0x000000618cdfe5d0
Event: 0.452 Thread 0x00000247ee44d0f0 DEOPT UNPACKING pc=0x00000247db2346a2 sp=0x000000618cdfe538 mode 2

Classes loaded (20 events):
Event: 0.448 Loading class javax/swing/plaf/basic/BasicTextUI$UpdateHandler
Event: 0.448 Loading class javax/swing/event/DocumentListener
Event: 0.448 Loading class javax/swing/event/DocumentListener done
Event: 0.448 Loading class javax/swing/plaf/basic/BasicTextUI$UpdateHandler done
Event: 0.448 Loading class javax/swing/plaf/basic/BasicTextUI$DragListener
Event: 0.448 Loading class javax/swing/plaf/basic/DragRecognitionSupport$BeforeDrag
Event: 0.448 Loading class javax/swing/plaf/basic/DragRecognitionSupport$BeforeDrag done
Event: 0.448 Loading class javax/swing/event/MouseInputAdapter
Event: 0.448 Loading class java/awt/event/MouseAdapter
Event: 0.448 Loading class java/awt/event/MouseAdapter done
Event: 0.448 Loading class javax/swing/event/MouseInputAdapter done
Event: 0.448 Loading class javax/swing/plaf/basic/BasicTextUI$DragListener done
Event: 0.449 Loading class javax/swing/plaf/synth/SynthTextFieldUI$Handler
Event: 0.449 Loading class javax/swing/plaf/synth/SynthTextFieldUI$Handler done
Event: 0.450 Loading class javax/swing/plaf/nimbus/TextFieldPainter
Event: 0.451 Loading class javax/swing/plaf/nimbus/TextFieldPainter done
Event: 0.452 Loading class javax/swing/plaf/basic/BasicTextUI$BasicCaret
Event: 0.452 Loading class javax/swing/text/DefaultCaret
Event: 0.452 Loading class javax/swing/text/Caret
Event: 0.452 Loading class javax/swing/text/Caret done

Classes unloaded (0 events):
No events

Classes redefined (0 events):
No events

Internal exceptions (20 events):
Event: 0.335 Thread 0x00000247c9667b20 Exception <a 'java/lang/ClassNotFoundException'{0x0000000091a3e710}: ToolBar> (0x0000000091a3e710) 
thrown [s\open\src\hotspot\share\classfile\systemDictionary.cpp, line 312]
Event: 0.335 Thread 0x00000247c9667b20 Exception <a 'java/lang/ClassNotFoundException'{0x0000000091a3ea70}: Button> (0x0000000091a3ea70) 
thrown [s\open\src\hotspot\share\classfile\systemDictionary.cpp, line 312]
Event: 0.335 Thread 0x00000247c9667b20 Exception <a 'java/lang/ClassNotFoundException'{0x0000000091a3ef38}: ToolBar> (0x0000000091a3ef38) 
thrown [s\open\src\hotspot\share\classfile\systemDictionary.cpp, line 312]
Event: 0.335 Thread 0x00000247c9667b20 Exception <a 'java/lang/ClassNotFoundException'{0x0000000091a3f2a8}: ToggleButton> (0x0000000091a3f2a8) 
thrown [s\open\src\hotspot\share\classfile\systemDictionary.cpp, line 312]
Event: 0.335 Thread 0x00000247c9667b20 Exception <a 'java/lang/ClassNotFoundException'{0x0000000091a3f6e8}: javax/swing/JToolBarSeparator> (0x0000000091a3f6e8) 
thrown [s\open\src\hotspot\share\classfile\systemDictionary.cpp, line 312]
Event: 0.335 Thread 0x00000247c9667b20 Exception <a 'java/lang/ClassNotFoundException'{0x0000000091a3f9f8}: ToolBarSeparator> (0x0000000091a3f9f8) 
thrown [s\open\src\hotspot\share\classfile\systemDictionary.cpp, line 312]
Event: 0.335 Thread 0x00000247c9667b20 Exception <a 'java/lang/ClassNotFoundException'{0x0000000091a3ff00}: ToolTip> (0x0000000091a3ff00) 
thrown [s\open\src\hotspot\share\classfile\systemDictionary.cpp, line 312]
Event: 0.336 Thread 0x00000247c9667b20 Exception <a 'java/lang/ClassNotFoundException'{0x0000000091a40840}: Tree> (0x0000000091a40840) 
thrown [s\open\src\hotspot\share\classfile\systemDictionary.cpp, line 312]
Event: 0.336 Thread 0x00000247c9667b20 Exception <a 'java/lang/ClassNotFoundException'{0x0000000091a40d38}: Tree> (0x0000000091a40d38) 
thrown [s\open\src\hotspot\share\classfile\systemDictionary.cpp, line 312]
Event: 0.336 Thread 0x00000247c9667b20 Exception <a 'java/lang/ClassNotFoundException'{0x0000000091a410a8}: javax/swing/JTreeCell> (0x0000000091a410a8) 
thrown [s\open\src\hotspot\share\classfile\systemDictionary.cpp, line 312]
Event: 0.336 Thread 0x00000247c9667b20 Exception <a 'java/lang/ClassNotFoundException'{0x0000000091a413b0}: TreeCell> (0x0000000091a413b0) 
thrown [s\open\src\hotspot\share\classfile\systemDictionary.cpp, line 312]
Event: 0.336 Thread 0x00000247c9667b20 Exception <a 'java/lang/ClassNotFoundException'{0x0000000091a41b58}: RootPane> (0x0000000091a41b58) 
thrown [s\open\src\hotspot\share\classfile\systemDictionary.cpp, line 312]
Event: 0.338 Thread 0x00000247c9667b20 Exception <a 'java/lang/ClassNotFoundException'{0x0000000091a448e8}: com/sun/swing/internal/plaf/metal/resources/spi/metalProvider> (0x0000000091a448e8) 
thrown [s\open\src\hotspot\share\classfile\systemDictionary.cpp, line 312]
Event: 0.339 Thread 0x00000247c9667b20 Exception <a 'java/lang/ClassNotFoundException'{0x0000000091a48598}: com/sun/swing/internal/plaf/basic/resources/spi/basicProvider> (0x0000000091a48598) 
thrown [s\open\src\hotspot\share\classfile\systemDictionary.cpp, line 312]
Event: 0.414 Thread 0x00000247ee44d0f0 Exception <a 'java/lang/ClassNotFoundException'{0x0000000091914f60}: com/sun/swing/internal/plaf/synth/resources/spi/synthProvider> (0x0000000091914f60) 
thrown [s\open\src\hotspot\share\classfile\systemDictionary.cpp, line 312]
Event: 0.432 Thread 0x00000247ee44d0f0 Exception <a 'java/lang/NoSuchMethodError'{0x0000000091957b98}: 'int java.lang.invoke.Invokers$Holder.invokeExact_MT(java.lang.Object, java.lang.Object)'> (0x0000000091957b98) 
thrown [s\open\src\hotspot\share\interpreter\linkResolver.cpp, line 773]
Event: 0.435 Thread 0x00000247ee44d0f0 Exception <a 'java/lang/NoSuchMethodError'{0x000000009195e350}: 'java.lang.Object java.lang.invoke.DirectMethodHandle$Holder.newInvokeSpecial(java.lang.Object, java.lang.Object, int)'> (0x000000009195e350) 
thrown [s\open\src\hotspot\share\interpreter\linkResolver.cpp, line 773]
Event: 0.435 Thread 0x00000247ee44d0f0 Exception <a 'java/lang/NoSuchMethodError'{0x0000000091963200}: 'int java.lang.invoke.DirectMethodHandle$Holder.invokeSpecial(java.lang.Object, java.lang.Object, java.lang.Object, int)'> (0x0000000091963200) 
thrown [s\open\src\hotspot\share\interpreter\linkResolver.cpp, line 773]
Event: 0.436 Thread 0x00000247ee44d0f0 Exception <a 'java/lang/NoSuchMethodError'{0x0000000091975820}: 'java.lang.Object java.lang.invoke.DirectMethodHandle$Holder.invokeStatic(java.lang.Object, java.lang.Object, java.lang.Object, java.lang.Object, int)'> (0x0000000091975820) 
thrown [s\open\src\hotspot\share\interpreter\linkResolver.cpp, line 773]
Event: 0.437 Thread 0x00000247ee44d0f0 Exception <a 'java/lang/NoSuchMethodError'{0x000000009197dea0}: 'int java.lang.invoke.DirectMethodHandle$Holder.invokeSpecial(java.lang.Object, java.lang.Object, java.lang.Object)'> (0x000000009197dea0) 
thrown [s\open\src\hotspot\share\interpreter\linkResolver.cpp, line 773]

ZGC Phase Switch (0 events):
No events

VM Operations (4 events):
Event: 0.133 Executing VM operation: HandshakeAllThreads (Deoptimize)
Event: 0.133 Executing VM operation: HandshakeAllThreads (Deoptimize) done
Event: 0.209 Executing VM operation: HandshakeAllThreads (Deoptimize)
Event: 0.209 Executing VM operation: HandshakeAllThreads (Deoptimize) done

Events (20 events):
Event: 0.065 Thread 0x00000247c9667b20 Thread added: 0x00000247c9667b20
Event: 0.084 Thread 0x00000247e8a47d20 Thread added: 0x00000247e8a47d20
Event: 0.084 Thread 0x00000247e8a48a40 Thread added: 0x00000247e8a48a40
Event: 0.085 Thread 0x00000247e8a4b7b0 Thread added: 0x00000247e8a4b7b0
Event: 0.085 Thread 0x00000247e8a4c470 Thread added: 0x00000247e8a4c470
Event: 0.085 Thread 0x00000247e8a4d610 Thread added: 0x00000247e8a4d610
Event: 0.085 Thread 0x00000247e8a50800 Thread added: 0x00000247e8a50800
Event: 0.085 Thread 0x00000247e8a5d5b0 Thread added: 0x00000247e8a5d5b0
Event: 0.086 Thread 0x00000247e8a5e400 Thread added: 0x00000247e8a5e400
Event: 0.110 Thread 0x00000247e8c9d730 Thread added: 0x00000247e8c9d730
Event: 0.116 Thread 0x00000247e8ca3cf0 Thread added: 0x00000247e8ca3cf0
Event: 0.135 Thread 0x00000247e8cbd740 Thread added: 0x00000247e8cbd740
Event: 0.140 Thread 0x00000247e8d093e0 Thread added: 0x00000247e8d093e0
Event: 0.144 Thread 0x00000247e8dca760 Thread added: 0x00000247e8dca760
Event: 0.236 Thread 0x00000247e8f387a0 Thread added: 0x00000247e8f387a0
Event: 0.237 Thread 0x00000247e8f40e20 Thread added: 0x00000247e8f40e20
Event: 0.239 Thread 0x00000247e8f41980 Thread added: 0x00000247e8f41980
Event: 0.354 Thread 0x00000247ee44d0f0 Thread added: 0x00000247ee44d0f0
Event: 0.354 Thread 0x00000247c9667b20 Thread exited: 0x00000247c9667b20
Event: 0.355 Thread 0x00000247c9667b20 Thread added: 0x00000247c9667b20


Dynamic libraries:
0x00007ff7d1210000 - 0x00007ff7d1220000 	C:\Program Files\Java\jdk-21\bin\java.exe
0x00007ffa2e390000 - 0x00007ffa2e5a7000 	C:\WINDOWS\SYSTEM32\ntdll.dll
0x00007ffa2cd30000 - 0x00007ffa2cdf4000 	C:\WINDOWS\System32\KERNEL32.DLL
0x00007ffa2b8e0000 - 0x00007ffa2bc86000 	C:\WINDOWS\System32\KERNELBASE.dll
0x00007ffa2bfc0000 - 0x00007ffa2c0d1000 	C:\WINDOWS\System32\ucrtbase.dll
0x00007ffa184d0000 - 0x00007ffa184e9000 	C:\Program Files\Java\jdk-21\bin\jli.dll
0x00007ffa26f00000 - 0x00007ffa26f1b000 	C:\Program Files\Java\jdk-21\bin\VCRUNTIME140.dll
0x00007ffa2e290000 - 0x00007ffa2e343000 	C:\WINDOWS\System32\ADVAPI32.dll
0x00007ffa2ce00000 - 0x00007ffa2cea7000 	C:\WINDOWS\System32\msvcrt.dll
0x00007ffa2c1c0000 - 0x00007ffa2c268000 	C:\WINDOWS\System32\sechost.dll
0x00007ffa2b8b0000 - 0x00007ffa2b8d8000 	C:\WINDOWS\System32\bcrypt.dll
0x00007ffa2db60000 - 0x00007ffa2dc77000 	C:\WINDOWS\System32\RPCRT4.dll
0x00007ffa2e0e0000 - 0x00007ffa2e28e000 	C:\WINDOWS\System32\USER32.dll
0x00007ffa2bc90000 - 0x00007ffa2bcb6000 	C:\WINDOWS\System32\win32u.dll
0x00007ffa0b420000 - 0x00007ffa0b6b3000 	C:\WINDOWS\WinSxS\amd64_microsoft.windows.common-controls_6595b64144ccf1df_6.0.22621.2506_none_270c5ae97388e100\COMCTL32.dll
0x00007ffa2c170000 - 0x00007ffa2c199000 	C:\WINDOWS\System32\GDI32.dll
0x00007ffa2bd60000 - 0x00007ffa2be78000 	C:\WINDOWS\System32\gdi32full.dll
0x00007ffa2bcc0000 - 0x00007ffa2bd5a000 	C:\WINDOWS\System32\msvcp_win.dll
0x00007ffa23900000 - 0x00007ffa2390a000 	C:\WINDOWS\SYSTEM32\VERSION.dll
0x00007ffa2ccd0000 - 0x00007ffa2cd01000 	C:\WINDOWS\System32\IMM32.DLL
0x00007ffa26bb0000 - 0x00007ffa26bbc000 	C:\Program Files\Java\jdk-21\bin\vcruntime140_1.dll
0x00007ffa15ca0000 - 0x00007ffa15d2e000 	C:\Program Files\Java\jdk-21\bin\msvcp140.dll
0x00007ff9d2410000 - 0x00007ff9d3125000 	C:\Program Files\Java\jdk-21\bin\server\jvm.dll
0x00007ffa2c0f0000 - 0x00007ffa2c161000 	C:\WINDOWS\System32\WS2_32.dll
0x00007ffa2af20000 - 0x00007ffa2af6d000 	C:\WINDOWS\SYSTEM32\POWRPROF.dll
0x00007ffa238c0000 - 0x00007ffa238f4000 	C:\WINDOWS\SYSTEM32\WINMM.dll
0x00007ffa2af00000 - 0x00007ffa2af13000 	C:\WINDOWS\SYSTEM32\UMPDC.dll
0x00007ffa2a700000 - 0x00007ffa2a718000 	C:\WINDOWS\SYSTEM32\kernel.appcore.dll
0x00007ffa25710000 - 0x00007ffa2571a000 	C:\Program Files\Java\jdk-21\bin\jimage.dll
0x00007ffa19460000 - 0x00007ffa19693000 	C:\WINDOWS\SYSTEM32\DBGHELP.DLL
0x00007ffa2d7d0000 - 0x00007ffa2db59000 	C:\WINDOWS\System32\combase.dll
0x00007ffa2d640000 - 0x00007ffa2d717000 	C:\WINDOWS\System32\OLEAUT32.dll
0x00007ffa104a0000 - 0x00007ffa104d2000 	C:\WINDOWS\SYSTEM32\dbgcore.DLL
0x00007ffa2bf40000 - 0x00007ffa2bfba000 	C:\WINDOWS\System32\bcryptPrimitives.dll
0x00007ffa183c0000 - 0x00007ffa183df000 	C:\Program Files\Java\jdk-21\bin\java.dll
0x00007ffa2c3c0000 - 0x00007ffa2cc1a000 	C:\WINDOWS\System32\SHELL32.dll
0x00007ffa295e0000 - 0x00007ffa29ed6000 	C:\WINDOWS\SYSTEM32\windows.storage.dll
0x00007ffa294a0000 - 0x00007ffa295de000 	C:\WINDOWS\SYSTEM32\wintypes.dll
0x00007ffa2dc80000 - 0x00007ffa2dd73000 	C:\WINDOWS\System32\SHCORE.dll
0x00007ffa2d150000 - 0x00007ffa2d1ae000 	C:\WINDOWS\System32\shlwapi.dll
0x00007ffa2b600000 - 0x00007ffa2b626000 	C:\WINDOWS\SYSTEM32\profapi.dll
0x00007ffa07320000 - 0x00007ffa073f7000 	C:\Program Files\Java\jdk-21\bin\jsvml.dll
0x00007ffa18320000 - 0x00007ffa18330000 	C:\Program Files\Java\jdk-21\bin\net.dll
0x00007ffa25f60000 - 0x00007ffa26097000 	C:\WINDOWS\SYSTEM32\WINHTTP.dll
0x00007ffa2abf0000 - 0x00007ffa2ac59000 	C:\WINDOWS\system32\mswsock.dll
0x00007ffa15f00000 - 0x00007ffa15f16000 	C:\Program Files\Java\jdk-21\bin\nio.dll
0x00007ffa15e60000 - 0x00007ffa15e78000 	C:\Program Files\Java\jdk-21\bin\zip.dll
0x00007ffa07190000 - 0x00007ffa0731f000 	C:\Program Files\Java\jdk-21\bin\awt.dll
0x00007ffa28a00000 - 0x00007ffa28a97000 	C:\WINDOWS\SYSTEM32\apphelp.dll
0x00007ffa28b90000 - 0x00007ffa28c3b000 	C:\WINDOWS\system32\uxtheme.dll
0x00007ffa2c270000 - 0x00007ffa2c3c0000 	C:\WINDOWS\System32\MSCTF.dll
0x00007ffa2ceb0000 - 0x00007ffa2d050000 	C:\WINDOWS\System32\ole32.dll
0x00007ffa28e20000 - 0x00007ffa28e4b000 	C:\WINDOWS\system32\DWMAPI.DLL
0x00007ffa14290000 - 0x00007ffa14317000 	C:\Program Files\Java\jdk-21\bin\freetype.dll
0x00007ff9ef440000 - 0x00007ff9ef513000 	C:\Program Files\Java\jdk-21\bin\fontmanager.dll
0x00007ff9cd1d0000 - 0x00007ff9cd2d0000 	C:\WINDOWS\system32\opengl32.dll
0x00007ff9c7080000 - 0x00007ff9c70ad000 	C:\WINDOWS\SYSTEM32\GLU32.dll
0x00007ffa28cb0000 - 0x00007ffa28ce6000 	C:\WINDOWS\SYSTEM32\dxcore.dll
0x00007ff9cdab0000 - 0x00007ff9cdc59000 	C:\WINDOWS\system32\d3d9.dll
0x00007ffa21b40000 - 0x00007ffa21cfb000 	C:\WINDOWS\System32\DriverStore\FileRepository\u0387389.inf_amd64_995be970e30b8c79\B385477\aticfx64.dll
0x00007ffa25730000 - 0x00007ffa25764000 	C:\WINDOWS\System32\DriverStore\FileRepository\u0387389.inf_amd64_995be970e30b8c79\B385477\atiu9p64.dll
0x00007ff9baea0000 - 0x00007ff9bbbf5000 	C:\WINDOWS\System32\DriverStore\FileRepository\u0387389.inf_amd64_995be970e30b8c79\B385477\atiumd64.dll
0x00007ffa21a00000 - 0x00007ffa21a35000 	C:\WINDOWS\SYSTEM32\amdihk64.dll
0x00007ffa25ed0000 - 0x00007ffa25f1a000 	C:\WINDOWS\SYSTEM32\directxdatabasehelper.dll

dbghelp: loaded successfully - version: 4.0.5 - missing functions: none
symbol engine: initialized successfully - sym options: 0x614 - pdb path: .;C:\Program Files\Java\jdk-21\bin;C:\WINDOWS\SYSTEM32;C:\WINDOWS\WinSxS\amd64_microsoft.windows.common-controls_6595b64144ccf1df_6.0.22621.2506_none_270c5ae97388e100;C:\Program Files\Java\jdk-21\bin\server;C:\WINDOWS\System32\DriverStore\FileRepository\u0387389.inf_amd64_995be970e30b8c79\B385477

VM Arguments:
jvm_args: -Dfile.encoding=UTF-8 --module-path=C:\Users\didie\Documents\Universidad\Netbeans\SCBD\build\classes 
java_command: venta.Viajes
java_class_path (initial): C:\Program Files\NetBeans-20\netbeans\ide\modules\ext\postgresql-42.5.4.jar;C:\Users\didie\Downloads\sqlite-jdbc-3.44.1.0.jar;C:\Program Files\NetBeans-20\netbeans\java\modules\ext\AbsoluteLayout.jar;C:\Users\didie\Downloads\sqlite-jdbc-3.44.1.0 (1).jar;C:\Users\didie\Downloads\slf4j-simple-2.0.11.jar;C:\Users\didie\Downloads\slf4j-api-2.0.11.jar;C:\Users\didie\Documents\Universidad\Netbeans\SCBD\build\classes
Launcher Type: SUN_STANDARD

[Global flags]
     intx CICompilerCount                          = 12                                        {product} {ergonomic}
     uint ConcGCThreads                            = 3                                         {product} {ergonomic}
     uint G1ConcRefinementThreads                  = 13                                        {product} {ergonomic}
   size_t G1HeapRegionSize                         = 1048576                                   {product} {ergonomic}
    uintx GCDrainStackTargetSize                   = 64                                        {product} {ergonomic}
   size_t InitialHeapSize                          = 123731968                                 {product} {ergonomic}
   size_t MarkStackSize                            = 4194304                                   {product} {ergonomic}
   size_t MaxHeapSize                              = 1967128576                                {product} {ergonomic}
   size_t MaxNewSize                               = 1179648000                                {product} {ergonomic}
   size_t MinHeapDeltaBytes                        = 1048576                                   {product} {ergonomic}
   size_t MinHeapSize                              = 8388608                                   {product} {ergonomic}
    uintx NonNMethodCodeHeapSize                   = 7602480                                {pd product} {ergonomic}
    uintx NonProfiledCodeHeapSize                  = 122027880                              {pd product} {ergonomic}
    uintx ProfiledCodeHeapSize                     = 122027880                              {pd product} {ergonomic}
    uintx ReservedCodeCacheSize                    = 251658240                              {pd product} {ergonomic}
     bool SegmentedCodeCache                       = true                                      {product} {ergonomic}
   size_t SoftMaxHeapSize                          = 1967128576                             {manageable} {ergonomic}
     bool UseCompressedOops                        = true                           {product lp64_product} {ergonomic}
     bool UseG1GC                                  = true                                      {product} {ergonomic}
     bool UseLargePagesIndividualAllocation        = false                                  {pd product} {ergonomic}

Logging:
Log output configuration:
 #0: stdout all=warning uptime,level,tags foldmultilines=false
 #1: stderr all=off uptime,level,tags foldmultilines=false

Environment Variables:
PATH=C:\Program Files\Common Files\Oracle\Java\javapath;C:\Program Files (x86)\NVIDIA Corporation\PhysX\Common;C:\WINDOWS\system32;C:\WINDOWS;C:\WINDOWS\System32\Wbem;C:\WINDOWS\System32\WindowsPowerShell\v1.0\;C:\WINDOWS\System32\OpenSSH\;C:\Program Files\Git\cmd;C:\Users\didie\AppData\Local\Microsoft\WindowsApps;;C:\Users\didie\AppData\Local\Programs\Microsoft VS Code\bin
USERNAME=mia
OS=Windows_NT
PROCESSOR_IDENTIFIER=AMD64 Family 23 Model 104 Stepping 1, AuthenticAMD
TMP=C:\Users\didie\AppData\Local\Temp
TEMP=C:\Users\didie\AppData\Local\Temp




Periodic native trim disabled

---------------  S Y S T E M  ---------------

OS:
 Windows 11 , 64 bit Build 22621 (10.0.22621.2506)
OS uptime: 0 days 11:24 hours
Hyper-V role detected

CPU: total 16 (initial active 16) (16 cores per cpu, 2 threads per core) family 23 model 104 stepping 1 microcode 0x0, cx8, cmov, fxsr, ht, mmx, 3dnowpref, sse, sse2, sse3, ssse3, sse4a, sse4.1, sse4.2, popcnt, lzcnt, tsc, tscinvbit, avx, avx2, aes, clmul, bmi1, bmi2, adx, sha, fma, vzeroupper, clflush, clflushopt, hv, rdtscp, rdpid, f16c
Processor Information for all 16 processors :
  Max Mhz: 1801, Current Mhz: 1801, Mhz Limit: 1801

Memory: 4k page, system-wide physical 7501M (1094M free)
TotalPageFile size 11167M (AvailPageFile size 4M)
current process WorkingSet (physical memory assigned to process): 63M, peak: 63M
current process commit charge ("private bytes"): 226M, peak: 229M

vm_info: Java HotSpot(TM) 64-Bit Server VM (21.0.1+12-LTS-29) for windows-amd64 JRE (21.0.1+12-LTS-29), built on 2023-10-05T13:27:09Z by "mach5one" with MS VC++ 17.1 (VS2022)

END.
